Case #1: 2 3
Case #2: 1 4
Case #3: 4 5
Case #4: 29 46
Case #5: 3 49
Case #6: 4 20
Case #7: 1 23
Case #8: 91 261
Case #9: 59 171
Case #10: 170 716
Case #11: 6 78
Case #12: 122 280
Case #13: 278 462
Case #14: 243 880
Case #15: 59 860
Case #16: 292 300
Case #17: 32 79
Case #18: 334 352
Case #19: 74 716
Case #20: 7 124
Case #21: 245 423
Case #22: 5 368
Case #23: 141 248
Case #24: 22 413
Case #25: 39 212
Case #26: 242 379
Case #27: 2 267
Case #28: 60 267
Case #29: 6 54
Case #30: 365 440
Case #31: 7 308
Case #32: 29 288
Case #33: 105 175
Case #34: 208 627
Case #35: 4 27
Case #36: 3 412
Case #37: 16 473
Case #38: 241 310
Case #39: 71 124
Case #40: 7 82
Case #41: 190 629
Case #42: 3 98
Case #43: 150 250
Case #44: 37 38
Case #45: 39 422
Case #46: 5 552
Case #47: 59 82
Case #48: 17 196
Case #49: 207 265
Case #50: 214 371